<?xml version="1.0" encoding="UTF-8"?>
<testsuite xmlns:xsi="http://www.w3.org/2001/XMLSchema-instance" xsi:noNamespaceSchemaLocation="https://maven.apache.org/surefire/maven-surefire-plugin/xsd/surefire-test-report-3.0.xsd" version="3.0" name="TestSuite" time="42.588" tests="4" errors="0" skipped="0" failures="0">
  <properties>
[...]
</properties>
  <testcase name="runScenario[&quot;Try to Login using email and password and add DOVE product&quot;, &quot;Optional[Login and select latest DOVE product]&quot;](1)" classname="CucumberOptions.TestNGTestRunner" time="23.639">
    <system-out><![CDATA[
Scenario Outline: Try to Login using email and password and add DOVE product # src/test/java/Features/Scenario1.feature:15

@last
Scenario Outline: Try to Login using email and password and add items based on filters # src/test/java/Features/Scenario2.feature:24

@skin
Scenario Outline: Try to Login using email and password and add sale items # src/test/java/Features/Scenario3.feature:17

@M
Scenario Outline: Try to Login using email and password and add items whose name ends with M # src/test/java/Features/Scenario4.feature:17
[INFO ] 2023-07-25 11:28:22.443 [TestNG-PoolService-1] Base - setting driver
[INFO ] 2023-07-25 11:28:22.438 [TestNG-PoolService-2] Base - setting driver
[INFO ] 2023-07-25 11:28:22.441 [TestNG-PoolService-0] Base - setting driver
[INFO ] 2023-07-25 11:28:22.435 [TestNG-PoolService-3] Base - setting driver
[INFO ] 2023-07-25 11:28:27.601 [TestNG-PoolService-0] LoginPage - checking loginpage
[INFO ] 2023-07-25 11:28:27.769 [TestNG-PoolService-1] LoginPage - checking loginpage
[INFO ] 2023-07-25 11:28:28.066 [TestNG-PoolService-2] LoginPage - checking loginpage
[INFO ] 2023-07-25 11:28:28.664 [TestNG-PoolService-3] LoginPage - checking loginpage
  Given User is on Login Page                                                # StepDefinitions.Scenario1StepDefinition.user_is_on_login_page()

    PASSED---STEP PASSED---

  Given User is on Login Page                                                          # StepDefinitions.Scenario1StepDefinition.user_is_on_login_page()

    PASSED---STEP PASSED---

  Given User is on Login Page                                              # StepDefinitions.Scenario1StepDefinition.user_is_on_login_page()

    PASSED---STEP PASSED---

[INFO ] 2023-07-25 11:28:29.610 [TestNG-PoolService-0] LoginPage - entering uname
[INFO ] 2023-07-25 11:28:29.693 [TestNG-PoolService-1] LoginPage - entering uname
[INFO ] 2023-07-25 11:28:29.938 [TestNG-PoolService-2] LoginPage - entering uname
[INFO ] 2023-07-25 11:28:30.008 [TestNG-PoolService-0] LoginPage - entered password
  When User enters username "shaiz" and password "vivov11pro"                # StepDefinitions.Scenario1StepDefinition.user_enters_username_and_password(java.lang.String,java.lang.String)

    PASSED---STEP PASSED---

  Given User is on Login Page                                                                # StepDefinitions.Scenario1StepDefinition.user_is_on_login_page()
[INFO ] 2023-07-25 11:28:30.108 [TestNG-PoolService-1] LoginPage - entered password
  When User enters username "shaiz" and password "vivov11pro"                          # StepDefinitions.Scenario1StepDefinition.user_enters_username_and_password(java.lang.String,java.lang.String)

    PASSED---STEP PASSED---


    PASSED---STEP PASSED---

[INFO ] 2023-07-25 11:28:30.432 [TestNG-PoolService-2] LoginPage - entered password
  When User enters username "shaiz" and password "vivov11pro"              # StepDefinitions.Scenario1StepDefinition.user_enters_username_and_password(java.lang.String,java.lang.String)

    PASSED---STEP PASSED---

[INFO ] 2023-07-25 11:28:30.647 [TestNG-PoolService-3] LoginPage - entering uname
[INFO ] 2023-07-25 11:28:31.057 [TestNG-PoolService-3] LoginPage - entered password
  When User enters username "shaiz" and password "vivov11pro"                                # StepDefinitions.Scenario1StepDefinition.user_enters_username_and_password(java.lang.String,java.lang.String)

    PASSED---STEP PASSED---

[INFO ] 2023-07-25 11:28:31.393 [TestNG-PoolService-0] LoginPage - clicked on login button
  And User tries to Login                                                    # StepDefinitions.Scenario1StepDefinition.user_tries_to_login()

    PASSED---STEP PASSED---

[INFO ] 2023-07-25 11:28:31.463 [TestNG-PoolService-1] LoginPage - clicked on login button
  And User tries to Login                                                              # StepDefinitions.Scenario1StepDefinition.user_tries_to_login()

    PASSED---STEP PASSED---

  Then User is on the Landing page                                           # StepDefinitions.Scenario1StepDefinition.user_is_on_the_landing_page()

    PASSED---STEP PASSED---

  Then User is on the Landing page                                                     # StepDefinitions.Scenario1StepDefinition.user_is_on_the_landing_page()

    PASSED---STEP PASSED---

[INFO ] 2023-07-25 11:28:31.933 [TestNG-PoolService-2] LoginPage - clicked on login button
  And User tries to Login                                                  # StepDefinitions.Scenario1StepDefinition.user_tries_to_login()

    PASSED---STEP PASSED---

  Then User is on the Landing page                                         # StepDefinitions.Scenario1StepDefinition.user_is_on_the_landing_page()

    PASSED---STEP PASSED---

[INFO ] 2023-07-25 11:28:32.355 [TestNG-PoolService-3] LoginPage - clicked on login button
  And User tries to Login                                                                    # StepDefinitions.Scenario1StepDefinition.user_tries_to_login()

    PASSED---STEP PASSED---

  Then User is on the Landing page                                                           # StepDefinitions.Scenario1StepDefinition.user_is_on_the_landing_page()

    PASSED---STEP PASSED---

  When User navigates to Apparel page                                                  # StepDefinitions.Scenario2StepDefinition.user_navigates_to_apparel_page()

    PASSED---STEP PASSED---

  When User navigates to skin care section                                 # StepDefinitions.Scenario3StepDefinition.user_navigates_to_skin_care_section()

    PASSED---STEP PASSED---

sale item found
sale item found

  When User selects MEN products only                                                        # StepDefinitions.Scenario4StepDefinition.user_selects_men_products_only()

    PASSED---STEP PASSED---



found
sale item found
total sale items are 3
  And checks how many items are on Sale                                    # StepDefinitions.Scenario3StepDefinition.checks_how_many_items_are_on()

    PASSED---STEP PASSED---

[INFO ] 2023-07-25 11:28:34.178 [TestNG-PoolService-1] HomePage - tshirts page clicked
  And Then navigates to tshirts page                                                   # StepDefinitions.Scenario2StepDefinition.then_navigates_to_tshirts_page()

    PASSED---STEP PASSED---

nostock item found in sale item
  When User selects MEN products                                             # StepDefinitions.Scenario1StepDefinition.user_selects_men_products()

    PASSED---STEP PASSED---


total no stock items are 1
  And checks how many items are Out of Stock                               # StepDefinitions.Scenario3StepDefinition.checks_how_many_items_are()

    PASSED---STEP PASSED---

  When User selects latest "DOVE" product                                    # StepDefinitions.Scenario1StepDefinition.user_selects_latest_dove_product(java.lang.String)

    PASSED---STEP PASSED---

  When User sort elements from "Price Low > High"                                      # StepDefinitions.Scenario2StepDefinition.user_sort_elements_from_low_to_high(java.lang.String)

    PASSED---STEP PASSED---

nostock
  When User selects product whose name ends with "M"                                         # StepDefinitions.Scenario4StepDefinition.user_selects_product_whose_name_ends_with(java.lang.String)

    PASSED---STEP PASSED---

nostock
nostock
items found are less than desired size
  And Add it to the cart                                                     # StepDefinitions.Scenario1StepDefinition.add_it_to_the_cart()

    PASSED---STEP PASSED---

  And Add the "Sale" items in cart                                         # StepDefinitions.Scenario3StepDefinition.add_the_items_in_cart(java.lang.String)

    PASSED---STEP PASSED---

  And Add items to the cart                                                                  # StepDefinitions.Scenario4StepDefinition.add_items_to_the_cart()

    PASSED---STEP PASSED---

  Then verify the selected product has price "6.70" and quantity is "1"      # StepDefinitions.Scenario1StepDefinition.verify_the_selected_product_has_price_and_quantity_is(java.lang.String,java.lang.String)

    PASSED---STEP PASSED---

[INFO ] 2023-07-25 11:28:38.167 [TestNG-PoolService-0] CartPage - driver quit
]]></system-out>
    <system-err><![CDATA[Starting ChromeDriver 115.0.5790.102 (90efd4b0ad6aa15eeafcdabd5817ae939fS7ba0t5aStarrtitngi ngC9 h-CrrheorfmoesmD/erbDriravinevcre hr1- h115e1.a50d.s.05/.5757970990.01_.091200 @2({ 9#(099}e0f)e dfo4dnb4 0bap0oda6rdat6 aa15a2514e55ee2aef
aOcfdncaldybad bl5d8o51c8a717la coen9ne3c9tfi7obnas0 5a9r-er eaflsl/obwreadn.c
hP-lheeaasdes /s5e7e9 0h_t9t0p@s:{/#/9c}h)r oomne dproirvte r6.0c4h8r5om
iOunml.yo rlgo/csealc ucrointnye-cctonisoindsStearrattiionngs  fCohrr osmueg Dgareriesv tiaeolrnl 115a.0e.9o53w79e9fd7.b
aPleases on ke0ep.i1n0g2  Ch(r90oemfed4Dbri0veard 6saaaf1e.5
eCeharfocmdeabDdr5i8v1e7ra ew9a3s9 fs7tbaar0t5e9d- rseufcsc/ebsrsafnuclh-lhye.a
ds0/55799-0r_e9f0s@/{b#r9a}n) cohn- hpoerat d4s5/25577
O9n0l_y9 0l@o{c#al9 }c)o nonne cptoirotn s3 4a7r0e4
O nallyl olwoecda.l
P lceoansnee csteei ohntst pasr:/e/ cahlrloomweeddr.i
vPelre.cahsreo msieuem .hotrtgp/ss:e/cu/rcihtryo-mceodnrsiivdeerra.tcihornosm ifuomr. osrugg/gseesctuirointsy -ocno nkseiedpeirnagt iCohnrso mfeoDrr isvuerg gseasftei.o
nCsh roonm ekDereipveirn gwa sC hsrtoamretD see https:rediv seurc csessfully.
//chromedriver.chromium.org/security-considerations for sauggfees.t
iCohnrs ono mkeeDerpiivnegr  Cwharso msetDarritevde rsu scacefsesf.u
llCy.h
romeDriver was started successfully.
Jul 25, 2023 11:28:16 AM org.openqa.selenium.remote.tracing.opentelemetry.OpenTelemetryTracer createTracer
INFO: Using OpenTelemetry for tracing
SLF4J: Failed to load class "org.slf4j.impl.StaticLoggerBinder".
SLF4J: Defaulting to no-operation (NOP) logger implementation
SLF4J: See http://www.slf4j.org/codes.html#StaticLoggerBinder for further details.
Jul 25, 2023 11:28:22 AM org.openqa.selenium.remote.ProtocolHandshake createSession
INFO: Detected dialect: W3C
Jul 25, 2023 11:28:22 AM org.openqa.selenium.remote.ProtocolHandshake createSession
INFO: Detected dialect: W3C
Jul 25, 2023 11:28:22 AM org.openqa.selenium.remote.ProtocolHandshake createSession
INFO: Detected dialect: W3C
Jul 25, 2023 11:28:22 AM org.openqa.selenium.remote.ProtocolHandshake createSession
INFO: Detected dialect: W3C
]]></system-err>
  </testcase>
  <testcase name="runScenario[&quot;Try to Login using email and password and add items whose name ends with M&quot;, &quot;Optional[Login and add items whose name ends with M]&quot;](2)" classname="CucumberOptions.TestNGTestRunner" time="24.368">
    <system-out><![CDATA[  Then verify the selected product has ending name with "M"                                  # StepDefinitions.Scenario4StepDefinition.verify_the_selected_product_has_ending_name_with(java.lang.String)

    PASSED---STEP PASSED---

[INFO ] 2023-07-25 11:28:38.980 [TestNG-PoolService-3] CartPage - driver quit
]]></system-out>
  </testcase>
  <testcase name="runScenario[&quot;Try to Login using email and password and add sale items&quot;, &quot;Optional[Login and add items that are on sale]&quot;](3)" classname="CucumberOptions.TestNGTestRunner" time="25.093">
    <system-out><![CDATA[  Then verify the selected items count                                     # StepDefinitions.Scenario3StepDefinition.verify_the_selected_items_count_are()

    PASSED---STEP PASSED---

[INFO ] 2023-07-25 11:28:39.725 [TestNG-PoolService-2] CartPage - driver quit
]]></system-out>
  </testcase>
  <testcase name="runScenario[&quot;Try to Login using email and password and add items based on filters&quot;, &quot;Optional[Login and add items whose name ends with relevant filters]&quot;](4)" classname="CucumberOptions.TestNGTestRunner" time="34.218">
    <system-out><![CDATA[  And Selects top 3 lowest t-shirts and add it to cart                                 # StepDefinitions.Scenario2StepDefinition.selects_top_lowest_the_t_shirts_and_add_it_to_cart(java.lang.Integer)

    PASSED---STEP PASSED---

  When Go back to Apparels section                                                     # StepDefinitions.Scenario2StepDefinition.go_back_to_apparels_section()

    PASSED---STEP PASSED---

  When Navigate to Shoes Page                                                          # StepDefinitions.Scenario2StepDefinition.navigate_to_shoes_page()

    PASSED---STEP PASSED---

  And Add highest price product in cart                                                # StepDefinitions.Scenario2StepDefinition.add_highest_price_product_in_cart()

    PASSED---STEP PASSED---

  And Select quantity "2" and proceed                                                  # StepDefinitions.Scenario2StepDefinition.select_quantity_and_proceed(java.lang.String)

    PASSED---STEP PASSED---

  Then Verify the "3" items in cart                                                    # StepDefinitions.Scenario2StepDefinition.verify_the_items_in_cart(java.lang.String)

    PASSED---STEP PASSED---

[INFO ] 2023-07-25 11:28:48.849 [TestNG-PoolService-1] CartPage - driver quit
]]></system-out>
  </testcase>
</testsuite>