<?xml version="1.0" encoding="UTF-8"?>
<testng-results skipped="0" failed="0" ignored="0" total="4" passed="4">
  <reporter-output>
  </reporter-output>
  <suite name="Surefire suite" duration-ms="41637" started-at="2023-07-25T11:28:12 PKT" finished-at="2023-07-25T11:28:53 PKT">
    <groups>
      <group name="cucumber">
        <method signature="AbstractTestNGCucumberTests.runScenario(io.cucumber.testng.PickleWrapper,io.cucumber.testng.FeatureWrapper)[pri:0, instance:CucumberOptions.TestNGTestRunner@7a3d45bd]" name="runScenario" class="io.cucumber.testng.AbstractTestNGCucumberTests"/>
      </group> <!-- cucumber -->
    </groups>
    <test name="Surefire test" duration-ms="41637" started-at="2023-07-25T11:28:12 PKT" finished-at="2023-07-25T11:28:53 PKT">
      <class name="CucumberOptions.TestNGTestRunner">
        <test-method status="PASS" signature="setUpClass(org.testng.ITestContext)[pri:0, instance:CucumberOptions.TestNGTestRunner@7a3d45bd]" name="setUpClass" is-config="true" duration-ms="2279" started-at="2023-07-25T11:28:12 PKT" finished-at="2023-07-25T11:28:14 PKT">
          <params>
            <param index="0">
              <value>
                <![CDATA[org.testng.TestRunner@6c37bd27]]>
              </value>
            </param>
          </params>
          <reporter-output>
          </reporter-output>
        </test-method> <!-- setUpClass -->
        <test-method status="PASS" signature="runScenario(io.cucumber.testng.PickleWrapper,io.cucumber.testng.FeatureWrapper)[pri:0, instance:CucumberOptions.TestNGTestRunner@7a3d45bd]" name="runScenario" duration-ms="34223" started-at="2023-07-25T11:28:14 PKT" description="Runs Cucumber Scenarios" data-provider="scenarios" finished-at="2023-07-25T11:28:48 PKT">
          <params>
            <param index="0">
              <value>
                <![CDATA["Try to Login using email and password and add items based on filters"]]>
              </value>
            </param>
            <param index="1">
              <value>
                <![CDATA["Optional[Login and add items whose name ends with relevant filters]"]]>
              </value>
            </param>
          </params>
          <reporter-output>
          </reporter-output>
        </test-method> <!-- runScenario -->
        <test-method status="PASS" signature="runScenario(io.cucumber.testng.PickleWrapper,io.cucumber.testng.FeatureWrapper)[pri:0, instance:CucumberOptions.TestNGTestRunner@7a3d45bd]" name="runScenario" duration-ms="23572" started-at="2023-07-25T11:28:14 PKT" description="Runs Cucumber Scenarios" data-provider="scenarios" finished-at="2023-07-25T11:28:38 PKT">
          <params>
            <param index="0">
              <value>
                <![CDATA["Try to Login using email and password and add DOVE product"]]>
              </value>
            </param>
            <param index="1">
              <value>
                <![CDATA["Optional[Login and select latest DOVE product]"]]>
              </value>
            </param>
          </params>
          <reporter-output>
          </reporter-output>
        </test-method> <!-- runScenario -->
        <test-method status="PASS" signature="runScenario(io.cucumber.testng.PickleWrapper,io.cucumber.testng.FeatureWrapper)[pri:0, instance:CucumberOptions.TestNGTestRunner@7a3d45bd]" name="runScenario" duration-ms="24374" started-at="2023-07-25T11:28:14 PKT" description="Runs Cucumber Scenarios" data-provider="scenarios" finished-at="2023-07-25T11:28:39 PKT">
          <params>
            <param index="0">
              <value>
                <![CDATA["Try to Login using email and password and add items whose name ends with M"]]>
              </value>
            </param>
            <param index="1">
              <value>
                <![CDATA["Optional[Login and add items whose name ends with M]"]]>
              </value>
            </param>
          </params>
          <reporter-output>
          </reporter-output>
        </test-method> <!-- runScenario -->
        <test-method status="PASS" signature="runScenario(io.cucumber.testng.PickleWrapper,io.cucumber.testng.FeatureWrapper)[pri:0, instance:CucumberOptions.TestNGTestRunner@7a3d45bd]" name="runScenario" duration-ms="25099" started-at="2023-07-25T11:28:14 PKT" description="Runs Cucumber Scenarios" data-provider="scenarios" finished-at="2023-07-25T11:28:39 PKT">
          <params>
            <param index="0">
              <value>
                <![CDATA["Try to Login using email and password and add sale items"]]>
              </value>
            </param>
            <param index="1">
              <value>
                <![CDATA["Optional[Login and add items that are on sale]"]]>
              </value>
            </param>
          </params>
          <reporter-output>
          </reporter-output>
        </test-method> <!-- runScenario -->
        <test-method status="PASS" signature="tearDownClass()[pri:0, instance:CucumberOptions.TestNGTestRunner@7a3d45bd]" name="tearDownClass" is-config="true" duration-ms="5032" started-at="2023-07-25T11:28:48 PKT" finished-at="2023-07-25T11:28:53 PKT">
          <reporter-output>
          </reporter-output>
        </test-method> <!-- tearDownClass -->
      </class> <!-- CucumberOptions.TestNGTestRunner -->
    </test> <!-- Surefire test -->
  </suite> <!-- Surefire suite -->
</testng-results>
